<?xml version="1.0" encoding="UTF-8"?>
<!-- Generated by org.testng.reporters.JUnitXMLReporter -->
<testsuite ignored="0" hostname="EPINHYDW081E" failures="0" tests="4" name="Test" time="4.949" errors="0" timestamp="2023-08-10T21:30:58 IST">
  <testcase classname="com.automation.restapi.tests.apple.VerifyAppleHttpStatusCode" name="verifyStatusCode" time="1.732"/>
  <testcase classname="com.automation.restapi.tests.apple.VerifyAppleResponseBodyTest" name="verifyStatusCode" time="0.599"/>
  <testcase classname="com.automation.restapi.tests.apple.VerifyAppleResponseBodyTest" name="verifyResponseBody" time="1.153"/>
  <testcase classname="com.automation.restapi.tests.apple.VerifyAppleResponseBodyTest" name="verifyResponseTitle" time="0.707"/>
</testsuite> <!-- Test -->
