<?xml version="1.0" encoding="UTF-8"?>
<testsuite xmlns:xsi="http://www.w3.org/2001/XMLSchema-instance" xsi:noNamespaceSchemaLocation="https://maven.apache.org/surefire/maven-surefire-plugin/xsd/surefire-test-report.xsd" name="TestSuite" time="5.402" tests="4" errors="0" skipped="0" failures="0">
  <properties>
[...]
</properties>
  <testcase name="verifyStatusCode" classname="com.automation.restapi.tests.apple.VerifyAppleHttpStatusCode" time="1.734"/>
  <testcase name="verifyStatusCode" classname="com.automation.restapi.tests.apple.VerifyAppleResponseBodyTest" time="0.598"/>
  <testcase name="verifyResponseBody" classname="com.automation.restapi.tests.apple.VerifyAppleResponseBodyTest" time="1.154"/>
  <testcase name="verifyResponseTitle" classname="com.automation.restapi.tests.apple.VerifyAppleResponseBodyTest" time="0.708"/>
</testsuite>