<?xml version="1.0" encoding="UTF-8"?>
<!-- Generated by org.testng.reporters.JUnitXMLReporter -->
<testsuite hostname="EPINHYDW00C6" ignored="0" name="Default test" tests="5" failures="0" timestamp="2020-04-10T00:30:55 IST" time="2.848" errors="0">
  <testcase name="verifyStatusCode" time="1.431" classname="com.epam.restapi.VerifyResponseHeaderTest"/>
  <testcase name="verifyContentTypeUsingBddApproach" time="0.407" classname="com.epam.restapi.VerifyResponseHeaderTest"/>
  <testcase name="verifyContentTypeUsingBddApproachAndTestNGAssertion" time="0.094" classname="com.epam.restapi.VerifyResponseHeaderTest"/>
  <testcase name="verifyContentTypeUsingHamcrestValidation" time="0.29" classname="com.epam.restapi.VerifyResponseHeaderTest"/>
  <testcase name="verifyContentTypeUsingRequestAndResponseSpecification" time="0.234" classname="com.epam.restapi.VerifyResponseHeaderTest"/>
</testsuite> <!-- Default test -->
